<?xml version="1.0" encoding="UTF-8"?>
<!-- Generated by org.testng.reporters.JUnitReportReporter -->
<testsuite hostname="DESKTOP-OU0RVOB" failures="0" tests="2" name="testCases.TC001_AccountRegistrationTest" time="3.934" errors="0" timestamp="2025-05-27T10:34:33 NZST" skipped="0">
  <testcase classname="testCases.TC001_AccountRegistrationTest" name="verify_account_registration" time="1.852"/>
  <testcase classname="testCases.TC001_AccountRegistrationTest" name="verify_account_registration" time="2.082"/>
</testsuite> <!-- testCases.TC001_AccountRegistrationTest -->
