<?xml version="1.0" encoding="UTF-8"?>
<!-- Generated by org.testng.reporters.JUnitReportReporter -->
<testsuite hostname="DESKTOP-OU0RVOB" failures="0" tests="1" name="testCases.TC001_AccountRegistrationTest" time="1.685" errors="0" timestamp="2025-05-28T10:07:33 NZST" skipped="0">
  <testcase classname="testCases.TC001_AccountRegistrationTest" name="verify_account_registration" time="1.685"/>
</testsuite> <!-- testCases.TC001_AccountRegistrationTest -->
